<?xml version="1.0" encoding="UTF-8"?>
<!-- Generated by org.testng.reporters.JUnitReportReporter -->
<testsuite hostname="DESKTOP-UAOKV2O" failures="0" tests="1" name="Appiumautomation.PasteFromClipboard" time="14.565" errors="0" timestamp="2024-07-01T12:25:40 GST" skipped="0">
  <testcase classname="Appiumautomation.PasteFromClipboard" name="PasteFromClipboard" time="14.565"/>
</testsuite> <!-- Appiumautomation.PasteFromClipboard -->
