<?xml version="1.0" encoding="UTF-8"?>
<!-- Generated by org.testng.reporters.JUnitReportReporter -->
<testsuite hostname="DESKTOP-UAOKV2O" failures="0" tests="1" name="Appiumautomation.eCommerce_tc_1" time="14.386" errors="0" timestamp="2024-07-01T23:07:49 GST" skipped="0">
  <testcase classname="Appiumautomation.eCommerce_tc_1" name="fillForm" time="14.386"/>
</testsuite> <!-- Appiumautomation.eCommerce_tc_1 -->
