<?xml version="1.0" encoding="UTF-8"?>
<!-- Generated by org.testng.reporters.JUnitReportReporter -->
<testsuite hostname="DESKTOP-UAOKV2O" failures="0" tests="1" name="Appiumautomation.SwipeGesture" time="10.527" errors="0" timestamp="2024-06-30T17:04:50 GST" skipped="0">
  <testcase classname="Appiumautomation.SwipeGesture" name="swipeGesture" time="10.527"/>
</testsuite> <!-- Appiumautomation.SwipeGesture -->
