<?xml version="1.0" encoding="UTF-8"?>
<!-- Generated by org.testng.reporters.JUnitReportReporter -->
<testsuite hostname="DESKTOP-UAOKV2O" failures="0" tests="1" name="Appiumautomation.KeyEventsTesting" time="34.287" errors="0" timestamp="2024-07-01T17:07:23 GST" skipped="0">
  <testcase classname="Appiumautomation.KeyEventsTesting" name="KeyeventTest" time="34.287"/>
</testsuite> <!-- Appiumautomation.KeyEventsTesting -->
