<?xml version="1.0" encoding="UTF-8"?>
<!-- Generated by org.testng.reporters.JUnitReportReporter -->
<testsuite hostname="DESKTOP-UAOKV2O" failures="0" tests="1" name="Appiumautomation.DragAndDrop" time="5.255" errors="0" timestamp="2024-06-30T11:14:47 GST" skipped="0">
  <testcase classname="Appiumautomation.DragAndDrop" name="dragAndDrop" time="5.255"/>
</testsuite> <!-- Appiumautomation.DragAndDrop -->
