<?xml version="1.0" encoding="UTF-8"?>
<!-- Generated by org.testng.reporters.JUnitReportReporter -->
<testsuite hostname="DESKTOP-UAOKV2O" failures="0" tests="1" name="Appiumautomation.DeviceLandscape" time="13.503" errors="0" timestamp="2024-07-01T12:20:14 GST" skipped="0">
  <testcase classname="Appiumautomation.DeviceLandscape" name="DeviceLandscapeTest" time="13.503"/>
</testsuite> <!-- Appiumautomation.DeviceLandscape -->
