<?xml version="1.0" encoding="UTF-8"?>
<!-- Generated by org.testng.reporters.JUnitReportReporter -->
<testsuite hostname="DESKTOP-UAOKV2O" failures="0" tests="1" name="Appiumautomation.ScrollDemo" time="5.789" errors="0" timestamp="2024-06-29T17:52:19 GST" skipped="0">
  <testcase classname="Appiumautomation.ScrollDemo" name="ScrollTest" time="5.789"/>
</testsuite> <!-- Appiumautomation.ScrollDemo -->
