<?xml version="1.0" encoding="UTF-8"?>
<!-- Generated by org.testng.reporters.JUnitReportReporter -->
<testsuite hostname="DESKTOP-UAOKV2O" failures="0" tests="1" name="Appiumautomation.ToastMessageVerification" time="15.885" errors="0" timestamp="2024-07-02T07:28:29 GST" skipped="0">
  <testcase classname="Appiumautomation.ToastMessageVerification" name="toastMessageTest" time="15.885"/>
</testsuite> <!-- Appiumautomation.ToastMessageVerification -->
